feature/head/build/intermediates/manifest_merge_blame_file/debug/manifest-merger-blame-debug-report.txt
1<?xml version="1.0" encoding="utf-8"?>
2<manifest xmlns:android="http://schemas.android.com/apk/res/android"
3    xmlns:dist="http://schemas.android.com/apk/distribution"
4    package="restaurants.feature.head"
5    android:versionCode="1"
6    android:versionName="1.0.0" >
7
8    <uses-sdk
9        android:minSdkVersion="21"
9-->src/main/AndroidManifest.xml
10        android:targetSdkVersion="28" />
10-->src/main/AndroidManifest.xml
11
12    <dist:module
12-->src/main/AndroidManifest.xml:6:5-10:19
13        dist:instant="false"
13-->src/main/AndroidManifest.xml:7:9-29
14        dist:onDemand="false" >
14-->src/main/AndroidManifest.xml:8:9-30
15        <dist:fusing dist:include="true" />
15-->src/main/AndroidManifest.xml:9:9-44
15-->src/main/AndroidManifest.xml:9:22-41
16    </dist:module>
17
18    <uses-permission android:name="android.permission.VIBRATE" />
18-->src/main/AndroidManifest.xml:12:5-65
18-->src/main/AndroidManifest.xml:12:22-63
19    <uses-permission android:name="android.permission.SYSTEM_ALERT_WINDOW" />
19-->src/main/AndroidManifest.xml:13:5-77
19-->src/main/AndroidManifest.xml:13:22-75
20
21    <application>
21-->src/main/AndroidManifest.xml:15:5-21:19
22        <service
22-->src/main/AndroidManifest.xml:17:9-20:39
23            android:name="tracker.feature.head.AppHead"
23-->src/main/AndroidManifest.xml:18:13-56
24            android:enabled="true"
24-->src/main/AndroidManifest.xml:19:13-35
25            android:exported="false" />
25-->src/main/AndroidManifest.xml:20:13-37
26    </application>
27
28</manifest>